\BOOKMARK [0][-]{chapter*.5}{Abstract}{}% 1
\BOOKMARK [0][-]{chapter.1}{1 Introduction}{}% 2
\BOOKMARK [0][-]{chapter.2}{2 Project Overview}{}% 3
\BOOKMARK [1][-]{section.2.1}{2.1 Project Motivation}{chapter.2}% 4
\BOOKMARK [1][-]{section.2.2}{2.2 Project Objective}{chapter.2}% 5
\BOOKMARK [1][-]{section.2.3}{2.3 Project Description}{chapter.2}% 6
\BOOKMARK [0][-]{chapter.3}{3 Related Work}{}% 7
\BOOKMARK [1][-]{section.3.1}{3.1 Open Domain Question Answering}{chapter.3}% 8
\BOOKMARK [1][-]{section.3.2}{3.2 Conversational Agents}{chapter.3}% 9
\BOOKMARK [0][-]{chapter.4}{4 Tools}{}% 10
\BOOKMARK [1][-]{section.4.1}{4.1 DBpedia}{chapter.4}% 11
\BOOKMARK [1][-]{section.4.2}{4.2 ChatScript}{chapter.4}% 12
\BOOKMARK [1][-]{section.4.3}{4.3 WordNet}{chapter.4}% 13
\BOOKMARK [2][-]{subsection.4.3.1}{4.3.1 MIT Java WordNet Interface}{section.4.3}% 14
\BOOKMARK [1][-]{section.4.4}{4.4 Apache Lucene}{chapter.4}% 15
\BOOKMARK [1][-]{section.4.5}{4.5 Stanford CoreNLP}{chapter.4}% 16
\BOOKMARK [2][-]{subsection.4.5.1}{4.5.1 Stanford Tokenizer}{section.4.5}% 17
\BOOKMARK [2][-]{subsection.4.5.2}{4.5.2 Stanford Log-linear Part-Of-Speech Tagger}{section.4.5}% 18
\BOOKMARK [2][-]{subsection.4.5.3}{4.5.3 Stanford Named Entity Recognizer}{section.4.5}% 19
\BOOKMARK [2][-]{subsection.4.5.4}{4.5.4 Stanford Deterministic Coreference Resolution System}{section.4.5}% 20
\BOOKMARK [0][-]{chapter.5}{5 Implementation}{}% 21
\BOOKMARK [1][-]{section.5.1}{5.1 Web Application}{chapter.5}% 22
\BOOKMARK [2][-]{subsection.5.1.1}{5.1.1 Front End}{section.5.1}% 23
\BOOKMARK [2][-]{subsection.5.1.2}{5.1.2 Back End}{section.5.1}% 24
\BOOKMARK [1][-]{section.5.2}{5.2 Conversational Agent}{chapter.5}% 25
\BOOKMARK [1][-]{section.5.3}{5.3 Testing}{chapter.5}% 26
\BOOKMARK [0][-]{chapter.6}{6 Results}{}% 27
\BOOKMARK [0][-]{chapter.7}{7 Conclusions and Future Work}{}% 28
\BOOKMARK [1][-]{section.7.1}{7.1 Summary}{chapter.7}% 29
\BOOKMARK [1][-]{section.7.2}{7.2 Future Work}{chapter.7}% 30
